<?xml version="1.0" encoding="UTF-8"?>
<testsuite xmlns:xsi="http://www.w3.org/2001/XMLSchema-instance" xsi:noNamespaceSchemaLocation="https://maven.apache.org/surefire/maven-surefire-plugin/xsd/surefire-test-report-3.0.xsd" version="3.0" name="com.epam.izh.rd.online.service.ParserStringTest" time="0.006" tests="3" errors="0" skipped="0" failures="0">
  <properties>
[...]
</properties>
  <testcase name="getExpressionAsArray" classname="com.epam.izh.rd.online.service.ParserStringTest" time="0"/>
  <testcase name="parseBrackets{List, List}[1]" classname="com.epam.izh.rd.online.service.ParserStringTest" time="0.001"/>
  <testcase name="parseBrackets{List, List}[2]" classname="com.epam.izh.rd.online.service.ParserStringTest" time="0.001"/>
</testsuite>